npm verbose cli C:\Program Files\nodejs\node.exe C:\Program Files\nodejs\node_modules\npm\bin\npm-cli.js
npm info using npm@11.9.0
npm info using node@v24.14.0
npm verbose title npm start
npm verbose argv "start" "--loglevel" "verbose"
npm verbose logfile logs-max:10 dir:C:\Users\Laptop\AppData\Local\npm-cache\_logs\2026-03-22T21_43_51_047Z-
npm verbose logfile C:\Users\Laptop\AppData\Local\npm-cache\_logs\2026-03-22T21_43_51_047Z-debug-0.log

> frontenduapaproevent@1.0.0 start
> react-scripts start

(node:13108) [DEP0176] DeprecationWarning: fs.F_OK is deprecated, use fs.constants.F_OK instead
(Use `node --trace-deprecation ...` to show where the warning was created)
(node:13108) [DEP_WEBPACK_DEV_SERVER_ON_AFTER_SETUP_MIDDLEWARE] DeprecationWarning: 'onAfterSetupMiddleware' option is deprecated. Please use the 'setupMiddlewares' option.
(node:13108) [DEP_WEBPACK_DEV_SERVER_ON_BEFORE_SETUP_MIDDLEWARE] DeprecationWarning: 'onBeforeSetupMiddleware' option is deprecated. Please use the 'setupMiddlewares' option.
Starting the development server...

Compiled successfully!

You can now view frontenduapaproevent in the browser.

  Local:            http://localhost:3000
  On Your Network:  http://192.168.88.1:3000

Note that the development build is not optimized.
To create a production build, use npm run build.

webpack compiled [1m[32msuccessfully[39m[22m
